Performing C SOURCE FILE Test CMAKE_HAVE_LIBC_PTHREAD failed with the following output:
Change Dir: /home/magnus/CLionProjects/ar_engine/build/CMakeFiles/CMakeTmp

Run Build Command(s):/usr/bin/make cmTC_24ffa/fast && /usr/bin/make  -f CMakeFiles/cmTC_24ffa.dir/build.make CMakeFiles/cmTC_24ffa.dir/build
make[1]: Entering directory '/home/magnus/CLionProjects/ar_engine/build/CMakeFiles/CMakeTmp'
Building C object CMakeFiles/cmTC_24ffa.dir/src.c.o
/usr/bin/cc   -DCMAKE_HAVE_LIBC_PTHREAD   -o CMakeFiles/cmTC_24ffa.dir/src.c.o   -c /home/magnus/CLionProjects/ar_engine/build/CMakeFiles/CMakeTmp/src.c
Linking C executable cmTC_24ffa
/snap/clion/129/bin/cmake/linux/bin/cmake -E cmake_link_script CMakeFiles/cmTC_24ffa.dir/link.txt --verbose=1
/usr/bin/cc  -DCMAKE_HAVE_LIBC_PTHREAD    CMakeFiles/cmTC_24ffa.dir/src.c.o  -o cmTC_24ffa 
ld: error: undefined symbol: pthread_create
>>> referenced by src.c
>>>               CMakeFiles/cmTC_24ffa.dir/src.c.o:(main)

ld: error: undefined symbol: pthread_detach
>>> referenced by src.c
>>>               CMakeFiles/cmTC_24ffa.dir/src.c.o:(main)

ld: error: undefined symbol: pthread_cancel
>>> referenced by src.c
>>>               CMakeFiles/cmTC_24ffa.dir/src.c.o:(main)

ld: error: undefined symbol: pthread_join
>>> referenced by src.c
>>>               CMakeFiles/cmTC_24ffa.dir/src.c.o:(main)
collect2: error: ld returned 1 exit status
make[1]: *** [CMakeFiles/cmTC_24ffa.dir/build.make:107: cmTC_24ffa] Error 1
make[1]: Leaving directory '/home/magnus/CLionProjects/ar_engine/build/CMakeFiles/CMakeTmp'
make: *** [Makefile:141: cmTC_24ffa/fast] Error 2


Source file was:
#include <pthread.h>

void* test_func(void* data)
{
  return data;
}

int main(void)
{
  pthread_t thread;
  pthread_create(&thread, NULL, test_func, NULL);
  pthread_detach(thread);
  pthread_cancel(thread);
  pthread_join(thread, NULL);
  pthread_atfork(NULL, NULL, NULL);
  pthread_exit(NULL);

  return 0;
}

Determining if the function pthread_create exists in the pthreads failed with the following output:
Change Dir: /home/magnus/CLionProjects/ar_engine/build/CMakeFiles/CMakeTmp

Run Build Command(s):/usr/bin/make cmTC_f065e/fast && /usr/bin/make  -f CMakeFiles/cmTC_f065e.dir/build.make CMakeFiles/cmTC_f065e.dir/build
make[1]: Entering directory '/home/magnus/CLionProjects/ar_engine/build/CMakeFiles/CMakeTmp'
Building C object CMakeFiles/cmTC_f065e.dir/CheckFunctionExists.c.o
/usr/bin/cc   -DCHECK_FUNCTION_EXISTS=pthread_create   -o CMakeFiles/cmTC_f065e.dir/CheckFunctionExists.c.o   -c /snap/clion/129/bin/cmake/linux/share/cmake-3.17/Modules/CheckFunctionExists.c
Linking C executable cmTC_f065e
/snap/clion/129/bin/cmake/linux/bin/cmake -E cmake_link_script CMakeFiles/cmTC_f065e.dir/link.txt --verbose=1
/usr/bin/cc  -DCHECK_FUNCTION_EXISTS=pthread_create    CMakeFiles/cmTC_f065e.dir/CheckFunctionExists.c.o  -o cmTC_f065e  -lpthreads 
ld: error: unable to find library -lpthreads
collect2: error: ld returned 1 exit status
make[1]: *** [CMakeFiles/cmTC_f065e.dir/build.make:107: cmTC_f065e] Error 1
make[1]: Leaving directory '/home/magnus/CLionProjects/ar_engine/build/CMakeFiles/CMakeTmp'
make: *** [Makefile:141: cmTC_f065e/fast] Error 2



